This is pdfTeX, Version 3.14159265-2.6-1.40.19 (TeX Live 2018) (preloaded format=pdflatex 2018.10.4)  22 JAN 2019 02:28
entering extended mode
 restricted \write18 enabled.
 %&-line parsing enabled.
**src.t
(/usr/local/texlive/2018basic/texmf-dist/tex/latex/tools/q.tex
LaTeX2e <2018-04-01> patch level 2
Babel <3.18> and hyphenation patterns for 22 language(s) loaded.
File ignored
)
! Emergency stop.
<*> src.t
         
*** (job aborted, no legal \end found)

 
Here is how much of TeX's memory you used:
 8 strings out of 494091
 274 string characters out of 6163523
 52707 words of memory out of 5000000
 3780 multiletter control sequences out of 15000+600000
 3640 words of font info for 14 fonts, out of 8000000 for 9000
 319 hyphenation exceptions out of 8191
 5i,0n,1p,85b,8s stack positions out of 5000i,500n,10000p,200000b,80000s
!  ==> Fatal error occurred, no output PDF file produced!
